[1.146s] Invoking command in '/home/leo11dk/Desktop/drobot_v3/src/drobot_description': DEBUGINFOD_URLS=https://debuginfod.ubuntu.com PYTHONPATH=/home/leo11dk/Desktop/drobot_v3/build/drobot_description/prefix_override:/usr/lib/python3/dist-packages/colcon_core/task/python/colcon_distutils_commands:/home/leo11dk/Desktop/drobot_v3/install/drobot_description/lib/python3.12/site-packages:${PYTHONPATH} /usr/bin/python3 -W ignore:setup.py install is deprecated -W ignore:easy_install command is deprecated setup.py egg_info --egg-base ../../build/drobot_description build --build-base /home/leo11dk/Desktop/drobot_v3/build/drobot_description/build install --record /home/leo11dk/Desktop/drobot_v3/build/drobot_description/install.log --single-version-externally-managed install_data
[1.451s] running egg_info
[1.476s] writing ../../build/drobot_description/drobot_description.egg-info/PKG-INFO
[1.483s] writing dependency_links to ../../build/drobot_description/drobot_description.egg-info/dependency_links.txt
[1.484s] writing requirements to ../../build/drobot_description/drobot_description.egg-info/requires.txt
[1.484s] writing top-level names to ../../build/drobot_description/drobot_description.egg-info/top_level.txt
[1.533s] reading manifest file '../../build/drobot_description/drobot_description.egg-info/SOURCES.txt'
[1.534s] writing manifest file '../../build/drobot_description/drobot_description.egg-info/SOURCES.txt'
[1.534s] running build
[1.534s] running build_py
[1.534s] running install
[1.541s] running install_lib
[1.566s] running install_data
[1.566s] copying urdf/drobot.urdf.xacro -> /home/leo11dk/Desktop/drobot_v3/install/drobot_description/share/drobot_description/urdf
[1.566s] running install_egg_info
[1.592s] removing '/home/leo11dk/Desktop/drobot_v3/install/drobot_description/lib/python3.12/site-packages/drobot_description-0.0.0-py3.12.egg-info' (and everything under it)
[1.592s] Copying ../../build/drobot_description/drobot_description.egg-info to /home/leo11dk/Desktop/drobot_v3/install/drobot_description/lib/python3.12/site-packages/drobot_description-0.0.0-py3.12.egg-info
[1.593s] running install_scripts
[1.751s] writing list of installed files to '/home/leo11dk/Desktop/drobot_v3/build/drobot_description/install.log'
[1.801s] Invoked command in '/home/leo11dk/Desktop/drobot_v3/src/drobot_description' returned '0': DEBUGINFOD_URLS=https://debuginfod.ubuntu.com PYTHONPATH=/home/leo11dk/Desktop/drobot_v3/build/drobot_description/prefix_override:/usr/lib/python3/dist-packages/colcon_core/task/python/colcon_distutils_commands:/home/leo11dk/Desktop/drobot_v3/install/drobot_description/lib/python3.12/site-packages:${PYTHONPATH} /usr/bin/python3 -W ignore:setup.py install is deprecated -W ignore:easy_install command is deprecated setup.py egg_info --egg-base ../../build/drobot_description build --build-base /home/leo11dk/Desktop/drobot_v3/build/drobot_description/build install --record /home/leo11dk/Desktop/drobot_v3/build/drobot_description/install.log --single-version-externally-managed install_data
