running egg_info
writing ../../build/drobot_simulation/drobot_simulation.egg-info/PKG-INFO
writing dependency_links to ../../build/drobot_simulation/drobot_simulation.egg-info/dependency_links.txt
writing requirements to ../../build/drobot_simulation/drobot_simulation.egg-info/requires.txt
writing top-level names to ../../build/drobot_simulation/drobot_simulation.egg-info/top_level.txt
reading manifest file '../../build/drobot_simulation/drobot_simulation.egg-info/SOURCES.txt'
writing manifest file '../../build/drobot_simulation/drobot_simulation.egg-info/SOURCES.txt'
running build
running build_py
running install
running install_lib
running install_data
copying package.xml -> /home/leo11dk/Desktop/drobot_v3/install/drobot_simulation/share/drobot_simulation
copying launch/sim.launch.py -> /home/leo11dk/Desktop/drobot_v3/install/drobot_simulation/share/drobot_simulation/launch
copying config/nav2_view.rviz -> /home/leo11dk/Desktop/drobot_v3/install/drobot_simulation/share/drobot_simulation/config
running install_egg_info
removing '/home/leo11dk/Desktop/drobot_v3/install/drobot_simulation/lib/python3.12/site-packages/drobot_simulation-0.0.0-py3.12.egg-info' (and everything under it)
Copying ../../build/drobot_simulation/drobot_simulation.egg-info to /home/leo11dk/Desktop/drobot_v3/install/drobot_simulation/lib/python3.12/site-packages/drobot_simulation-0.0.0-py3.12.egg-info
running install_scripts
writing list of installed files to '/home/leo11dk/Desktop/drobot_v3/build/drobot_simulation/install.log'
