[1.115s] Invoking command in '/home/leo11dk/Desktop/drobot_v3/src/drobot_simulation': DEBUGINFOD_URLS=https://debuginfod.ubuntu.com PYTHONPATH=/home/leo11dk/Desktop/drobot_v3/build/drobot_simulation/prefix_override:/usr/lib/python3/dist-packages/colcon_core/task/python/colcon_distutils_commands:/home/leo11dk/Desktop/drobot_v3/install/drobot_simulation/lib/python3.12/site-packages:${PYTHONPATH} /usr/bin/python3 -W ignore:setup.py install is deprecated -W ignore:easy_install command is deprecated setup.py egg_info --egg-base ../../build/drobot_simulation build --build-base /home/leo11dk/Desktop/drobot_v3/build/drobot_simulation/build install --record /home/leo11dk/Desktop/drobot_v3/build/drobot_simulation/install.log --single-version-externally-managed install_data
[1.413s] running egg_info
[1.437s] writing ../../build/drobot_simulation/drobot_simulation.egg-info/PKG-INFO
[1.437s] writing dependency_links to ../../build/drobot_simulation/drobot_simulation.egg-info/dependency_links.txt
[1.437s] writing requirements to ../../build/drobot_simulation/drobot_simulation.egg-info/requires.txt
[1.438s] writing top-level names to ../../build/drobot_simulation/drobot_simulation.egg-info/top_level.txt
[1.486s] reading manifest file '../../build/drobot_simulation/drobot_simulation.egg-info/SOURCES.txt'
[1.487s] writing manifest file '../../build/drobot_simulation/drobot_simulation.egg-info/SOURCES.txt'
[1.487s] running build
[1.487s] running build_py
[1.487s] running install
[1.493s] running install_lib
[1.518s] running install_data
[1.518s] copying package.xml -> /home/leo11dk/Desktop/drobot_v3/install/drobot_simulation/share/drobot_simulation
[1.519s] copying launch/sim.launch.py -> /home/leo11dk/Desktop/drobot_v3/install/drobot_simulation/share/drobot_simulation/launch
[1.519s] copying config/ekf.yaml -> /home/leo11dk/Desktop/drobot_v3/install/drobot_simulation/share/drobot_simulation/config
[1.519s] copying config/nav2_view.rviz -> /home/leo11dk/Desktop/drobot_v3/install/drobot_simulation/share/drobot_simulation/config
[1.519s] running install_egg_info
[1.544s] removing '/home/leo11dk/Desktop/drobot_v3/install/drobot_simulation/lib/python3.12/site-packages/drobot_simulation-0.0.0-py3.12.egg-info' (and everything under it)
[1.545s] Copying ../../build/drobot_simulation/drobot_simulation.egg-info to /home/leo11dk/Desktop/drobot_v3/install/drobot_simulation/lib/python3.12/site-packages/drobot_simulation-0.0.0-py3.12.egg-info
[1.545s] running install_scripts
[1.703s] writing list of installed files to '/home/leo11dk/Desktop/drobot_v3/build/drobot_simulation/install.log'
[1.731s] Invoked command in '/home/leo11dk/Desktop/drobot_v3/src/drobot_simulation' returned '0': DEBUGINFOD_URLS=https://debuginfod.ubuntu.com PYTHONPATH=/home/leo11dk/Desktop/drobot_v3/build/drobot_simulation/prefix_override:/usr/lib/python3/dist-packages/colcon_core/task/python/colcon_distutils_commands:/home/leo11dk/Desktop/drobot_v3/install/drobot_simulation/lib/python3.12/site-packages:${PYTHONPATH} /usr/bin/python3 -W ignore:setup.py install is deprecated -W ignore:easy_install command is deprecated setup.py egg_info --egg-base ../../build/drobot_simulation build --build-base /home/leo11dk/Desktop/drobot_v3/build/drobot_simulation/build install --record /home/leo11dk/Desktop/drobot_v3/build/drobot_simulation/install.log --single-version-externally-managed install_data
