[4.425s] Invoking command in '/home/leo11dk/Desktop/drobot_v3/build/drobot_simulation': DEBUGINFOD_URLS=https://debuginfod.ubuntu.com PYTHONPATH=/home/leo11dk/Desktop/drobot_v3/build/drobot_simulation/prefix_override:/usr/lib/python3/dist-packages/colcon_core/task/python/colcon_distutils_commands:/home/leo11dk/Desktop/drobot_v3/install/drobot_simulation/lib/python3.12/site-packages:${PYTHONPATH} /usr/bin/python3 -W ignore:setup.py install is deprecated -W ignore:easy_install command is deprecated setup.py develop --editable --build-directory /home/leo11dk/Desktop/drobot_v3/build/drobot_simulation/build --no-deps symlink_data --force
[4.781s] running develop
[5.025s] running egg_info
[5.048s] writing drobot_simulation.egg-info/PKG-INFO
[5.049s] writing dependency_links to drobot_simulation.egg-info/dependency_links.txt
[5.049s] writing requirements to drobot_simulation.egg-info/requires.txt
[5.049s] writing top-level names to drobot_simulation.egg-info/top_level.txt
[5.097s] reading manifest file 'drobot_simulation.egg-info/SOURCES.txt'
[5.121s] writing manifest file 'drobot_simulation.egg-info/SOURCES.txt'
[5.146s] running build_ext
[5.146s] Creating /home/leo11dk/Desktop/drobot_v3/install/drobot_simulation/lib/python3.12/site-packages/drobot-simulation.egg-link (link to .)
[5.147s] 
[5.147s] Installed /home/leo11dk/Desktop/drobot_v3/build/drobot_simulation
[5.147s] running symlink_data
[5.147s] symbolically linking /home/leo11dk/Desktop/drobot_v3/build/drobot_simulation/resource/drobot_simulation -> /home/leo11dk/Desktop/drobot_v3/install/drobot_simulation/share/ament_index/resource_index/packages
[5.147s] symbolically linking /home/leo11dk/Desktop/drobot_v3/build/drobot_simulation/package.xml -> /home/leo11dk/Desktop/drobot_v3/install/drobot_simulation/share/drobot_simulation
[5.147s] symbolically linking /home/leo11dk/Desktop/drobot_v3/build/drobot_simulation/launch/sim.launch.py -> /home/leo11dk/Desktop/drobot_v3/install/drobot_simulation/share/drobot_simulation/launch
[5.148s] symbolically linking /home/leo11dk/Desktop/drobot_v3/build/drobot_simulation/worlds/empty.sdf -> /home/leo11dk/Desktop/drobot_v3/install/drobot_simulation/share/drobot_simulation/worlds
[5.148s] symbolically linking /home/leo11dk/Desktop/drobot_v3/build/drobot_simulation/config/bridge.yaml -> /home/leo11dk/Desktop/drobot_v3/install/drobot_simulation/share/drobot_simulation/config
[5.184s] Invoked command in '/home/leo11dk/Desktop/drobot_v3/build/drobot_simulation' returned '0': DEBUGINFOD_URLS=https://debuginfod.ubuntu.com PYTHONPATH=/home/leo11dk/Desktop/drobot_v3/build/drobot_simulation/prefix_override:/usr/lib/python3/dist-packages/colcon_core/task/python/colcon_distutils_commands:/home/leo11dk/Desktop/drobot_v3/install/drobot_simulation/lib/python3.12/site-packages:${PYTHONPATH} /usr/bin/python3 -W ignore:setup.py install is deprecated -W ignore:easy_install command is deprecated setup.py develop --editable --build-directory /home/leo11dk/Desktop/drobot_v3/build/drobot_simulation/build --no-deps symlink_data --force
