running develop
Removing /home/leo11dk/Desktop/drobot_v3/install/drobot_description/lib/python3.12/site-packages/drobot-description.egg-link (link to .)
running egg_info
writing ../../build/drobot_description/drobot_description.egg-info/PKG-INFO
writing dependency_links to ../../build/drobot_description/drobot_description.egg-info/dependency_links.txt
writing requirements to ../../build/drobot_description/drobot_description.egg-info/requires.txt
writing top-level names to ../../build/drobot_description/drobot_description.egg-info/top_level.txt
reading manifest file '../../build/drobot_description/drobot_description.egg-info/SOURCES.txt'
writing manifest file '../../build/drobot_description/drobot_description.egg-info/SOURCES.txt'
running build
running build_py
running install
running install_lib
creating /home/leo11dk/Desktop/drobot_v3/install/drobot_description/lib/python3.12/site-packages/drobot_description
copying /home/leo11dk/Desktop/drobot_v3/build/drobot_description/build/lib/drobot_description/__init__.py -> /home/leo11dk/Desktop/drobot_v3/install/drobot_description/lib/python3.12/site-packages/drobot_description
byte-compiling /home/leo11dk/Desktop/drobot_v3/install/drobot_description/lib/python3.12/site-packages/drobot_description/__init__.py to __init__.cpython-312.pyc
running install_data
copying resource/drobot_description -> /home/leo11dk/Desktop/drobot_v3/install/drobot_description/share/ament_index/resource_index/packages
copying package.xml -> /home/leo11dk/Desktop/drobot_v3/install/drobot_description/share/drobot_description
copying urdf/drobot.urdf.xacro -> /home/leo11dk/Desktop/drobot_v3/install/drobot_description/share/drobot_description/urdf
copying meshes/drobot_body.stl -> /home/leo11dk/Desktop/drobot_v3/install/drobot_description/share/drobot_description/meshes
creating /home/leo11dk/Desktop/drobot_v3/install/drobot_description/share/drobot_description/worlds
copying worlds/empty.sdf -> /home/leo11dk/Desktop/drobot_v3/install/drobot_description/share/drobot_description/worlds
running install_egg_info
Copying ../../build/drobot_description/drobot_description.egg-info to /home/leo11dk/Desktop/drobot_v3/install/drobot_description/lib/python3.12/site-packages/drobot_description-0.0.0-py3.12.egg-info
running install_scripts
writing list of installed files to '/home/leo11dk/Desktop/drobot_v3/build/drobot_description/install.log'
