[1.210s] Invoking command in '/home/leo11dk/Desktop/drobot_v3/build/drobot_description': DEBUGINFOD_URLS=https://debuginfod.ubuntu.com PYTHONPATH=/home/leo11dk/Desktop/drobot_v3/build/drobot_description/prefix_override:/usr/lib/python3/dist-packages/colcon_core/task/python/colcon_distutils_commands:/home/leo11dk/Desktop/drobot_v3/install/drobot_description/lib/python3.12/site-packages:${PYTHONPATH} /usr/bin/python3 -W ignore:setup.py install is deprecated -W ignore:easy_install command is deprecated setup.py develop --editable --build-directory /home/leo11dk/Desktop/drobot_v3/build/drobot_description/build --no-deps symlink_data
[1.587s] running develop
[1.840s] running egg_info
[1.840s] creating drobot_description.egg-info
[1.864s] writing drobot_description.egg-info/PKG-INFO
[1.864s] writing dependency_links to drobot_description.egg-info/dependency_links.txt
[1.864s] writing requirements to drobot_description.egg-info/requires.txt
[1.864s] writing top-level names to drobot_description.egg-info/top_level.txt
[1.865s] writing manifest file 'drobot_description.egg-info/SOURCES.txt'
[1.914s] reading manifest file 'drobot_description.egg-info/SOURCES.txt'
[1.914s] writing manifest file 'drobot_description.egg-info/SOURCES.txt'
[1.940s] running build_ext
[1.941s] Creating /home/leo11dk/Desktop/drobot_v3/install/drobot_description/lib/python3.12/site-packages/drobot-description.egg-link (link to .)
[1.941s] 
[1.941s] Installed /home/leo11dk/Desktop/drobot_v3/build/drobot_description
[1.941s] running symlink_data
[1.941s] creating /home/leo11dk/Desktop/drobot_v3/install/drobot_description/share/ament_index
[1.941s] creating /home/leo11dk/Desktop/drobot_v3/install/drobot_description/share/ament_index/resource_index
[1.942s] creating /home/leo11dk/Desktop/drobot_v3/install/drobot_description/share/ament_index/resource_index/packages
[1.942s] symbolically linking /home/leo11dk/Desktop/drobot_v3/build/drobot_description/resource/drobot_description -> /home/leo11dk/Desktop/drobot_v3/install/drobot_description/share/ament_index/resource_index/packages
[1.942s] symbolically linking /home/leo11dk/Desktop/drobot_v3/build/drobot_description/package.xml -> /home/leo11dk/Desktop/drobot_v3/install/drobot_description/share/drobot_description
[1.942s] creating /home/leo11dk/Desktop/drobot_v3/install/drobot_description/share/drobot_description/urdf
[1.942s] symbolically linking /home/leo11dk/Desktop/drobot_v3/build/drobot_description/urdf/drobot.urdf.xacro -> /home/leo11dk/Desktop/drobot_v3/install/drobot_description/share/drobot_description/urdf
[1.942s] creating /home/leo11dk/Desktop/drobot_v3/install/drobot_description/share/drobot_description/meshes
[1.942s] symbolically linking /home/leo11dk/Desktop/drobot_v3/build/drobot_description/meshes/drobot_body.stl -> /home/leo11dk/Desktop/drobot_v3/install/drobot_description/share/drobot_description/meshes
[1.972s] Invoked command in '/home/leo11dk/Desktop/drobot_v3/build/drobot_description' returned '0': DEBUGINFOD_URLS=https://debuginfod.ubuntu.com PYTHONPATH=/home/leo11dk/Desktop/drobot_v3/build/drobot_description/prefix_override:/usr/lib/python3/dist-packages/colcon_core/task/python/colcon_distutils_commands:/home/leo11dk/Desktop/drobot_v3/install/drobot_description/lib/python3.12/site-packages:${PYTHONPATH} /usr/bin/python3 -W ignore:setup.py install is deprecated -W ignore:easy_install command is deprecated setup.py develop --editable --build-directory /home/leo11dk/Desktop/drobot_v3/build/drobot_description/build --no-deps symlink_data
