[1.144s] Invoking command in '/home/leo11dk/Desktop/drobot_v3/build/drobot_simulation': DEBUGINFOD_URLS=https://debuginfod.ubuntu.com PYTHONPATH=/home/leo11dk/Desktop/drobot_v3/build/drobot_simulation/prefix_override:/usr/lib/python3/dist-packages/colcon_core/task/python/colcon_distutils_commands:/home/leo11dk/Desktop/drobot_v3/install/drobot_simulation/lib/python3.12/site-packages:${PYTHONPATH} /usr/bin/python3 -W ignore:setup.py install is deprecated -W ignore:easy_install command is deprecated setup.py develop --uninstall --editable --build-directory /home/leo11dk/Desktop/drobot_v3/build/drobot_simulation/build
[1.480s] running develop
[1.728s] Removing /home/leo11dk/Desktop/drobot_v3/install/drobot_simulation/lib/python3.12/site-packages/drobot-simulation.egg-link (link to .)
[1.759s] Invoked command in '/home/leo11dk/Desktop/drobot_v3/build/drobot_simulation' returned '0': DEBUGINFOD_URLS=https://debuginfod.ubuntu.com PYTHONPATH=/home/leo11dk/Desktop/drobot_v3/build/drobot_simulation/prefix_override:/usr/lib/python3/dist-packages/colcon_core/task/python/colcon_distutils_commands:/home/leo11dk/Desktop/drobot_v3/install/drobot_simulation/lib/python3.12/site-packages:${PYTHONPATH} /usr/bin/python3 -W ignore:setup.py install is deprecated -W ignore:easy_install command is deprecated setup.py develop --uninstall --editable --build-directory /home/leo11dk/Desktop/drobot_v3/build/drobot_simulation/build
[1.760s] Invoking command in '/home/leo11dk/Desktop/drobot_v3/src/drobot_simulation': DEBUGINFOD_URLS=https://debuginfod.ubuntu.com PYTHONPATH=/home/leo11dk/Desktop/drobot_v3/build/drobot_simulation/prefix_override:/usr/lib/python3/dist-packages/colcon_core/task/python/colcon_distutils_commands:/home/leo11dk/Desktop/drobot_v3/install/drobot_simulation/lib/python3.12/site-packages:${PYTHONPATH} /usr/bin/python3 -W ignore:setup.py install is deprecated -W ignore:easy_install command is deprecated setup.py egg_info --egg-base ../../build/drobot_simulation build --build-base /home/leo11dk/Desktop/drobot_v3/build/drobot_simulation/build install --record /home/leo11dk/Desktop/drobot_v3/build/drobot_simulation/install.log --single-version-externally-managed install_data --force
[2.058s] running egg_info
[2.082s] writing ../../build/drobot_simulation/drobot_simulation.egg-info/PKG-INFO
[2.082s] writing dependency_links to ../../build/drobot_simulation/drobot_simulation.egg-info/dependency_links.txt
[2.082s] writing requirements to ../../build/drobot_simulation/drobot_simulation.egg-info/requires.txt
[2.082s] writing top-level names to ../../build/drobot_simulation/drobot_simulation.egg-info/top_level.txt
[2.130s] reading manifest file '../../build/drobot_simulation/drobot_simulation.egg-info/SOURCES.txt'
[2.136s] writing manifest file '../../build/drobot_simulation/drobot_simulation.egg-info/SOURCES.txt'
[2.136s] running build
[2.137s] running build_py
[2.137s] running install
[2.143s] running install_lib
[2.167s] creating /home/leo11dk/Desktop/drobot_v3/install/drobot_simulation/lib/python3.12/site-packages/drobot_simulation
[2.167s] copying /home/leo11dk/Desktop/drobot_v3/build/drobot_simulation/build/lib/drobot_simulation/__init__.py -> /home/leo11dk/Desktop/drobot_v3/install/drobot_simulation/lib/python3.12/site-packages/drobot_simulation
[2.167s] byte-compiling /home/leo11dk/Desktop/drobot_v3/install/drobot_simulation/lib/python3.12/site-packages/drobot_simulation/__init__.py to __init__.cpython-312.pyc
[2.167s] running install_data
[2.168s] copying resource/drobot_simulation -> /home/leo11dk/Desktop/drobot_v3/install/drobot_simulation/share/ament_index/resource_index/packages
[2.168s] copying package.xml -> /home/leo11dk/Desktop/drobot_v3/install/drobot_simulation/share/drobot_simulation
[2.168s] copying launch/sim.launch.py -> /home/leo11dk/Desktop/drobot_v3/install/drobot_simulation/share/drobot_simulation/launch
[2.168s] copying worlds/empty.sdf -> /home/leo11dk/Desktop/drobot_v3/install/drobot_simulation/share/drobot_simulation/worlds
[2.168s] copying config/bridge.yaml -> /home/leo11dk/Desktop/drobot_v3/install/drobot_simulation/share/drobot_simulation/config
[2.168s] running install_egg_info
[2.193s] Copying ../../build/drobot_simulation/drobot_simulation.egg-info to /home/leo11dk/Desktop/drobot_v3/install/drobot_simulation/lib/python3.12/site-packages/drobot_simulation-0.0.0-py3.12.egg-info
[2.194s] running install_scripts
[2.348s] writing list of installed files to '/home/leo11dk/Desktop/drobot_v3/build/drobot_simulation/install.log'
[2.379s] Invoked command in '/home/leo11dk/Desktop/drobot_v3/src/drobot_simulation' returned '0': DEBUGINFOD_URLS=https://debuginfod.ubuntu.com PYTHONPATH=/home/leo11dk/Desktop/drobot_v3/build/drobot_simulation/prefix_override:/usr/lib/python3/dist-packages/colcon_core/task/python/colcon_distutils_commands:/home/leo11dk/Desktop/drobot_v3/install/drobot_simulation/lib/python3.12/site-packages:${PYTHONPATH} /usr/bin/python3 -W ignore:setup.py install is deprecated -W ignore:easy_install command is deprecated setup.py egg_info --egg-base ../../build/drobot_simulation build --build-base /home/leo11dk/Desktop/drobot_v3/build/drobot_simulation/build install --record /home/leo11dk/Desktop/drobot_v3/build/drobot_simulation/install.log --single-version-externally-managed install_data --force
