running develop
Removing /home/leo11dk/Desktop/drobot_v3/install/drobot_simulation/lib/python3.12/site-packages/drobot-simulation.egg-link (link to .)
running egg_info
writing ../../build/drobot_simulation/drobot_simulation.egg-info/PKG-INFO
writing dependency_links to ../../build/drobot_simulation/drobot_simulation.egg-info/dependency_links.txt
writing requirements to ../../build/drobot_simulation/drobot_simulation.egg-info/requires.txt
writing top-level names to ../../build/drobot_simulation/drobot_simulation.egg-info/top_level.txt
reading manifest file '../../build/drobot_simulation/drobot_simulation.egg-info/SOURCES.txt'
writing manifest file '../../build/drobot_simulation/drobot_simulation.egg-info/SOURCES.txt'
running build
running build_py
running install
running install_lib
creating /home/leo11dk/Desktop/drobot_v3/install/drobot_simulation/lib/python3.12/site-packages/drobot_simulation
copying /home/leo11dk/Desktop/drobot_v3/build/drobot_simulation/build/lib/drobot_simulation/__init__.py -> /home/leo11dk/Desktop/drobot_v3/install/drobot_simulation/lib/python3.12/site-packages/drobot_simulation
byte-compiling /home/leo11dk/Desktop/drobot_v3/install/drobot_simulation/lib/python3.12/site-packages/drobot_simulation/__init__.py to __init__.cpython-312.pyc
running install_data
copying resource/drobot_simulation -> /home/leo11dk/Desktop/drobot_v3/install/drobot_simulation/share/ament_index/resource_index/packages
copying package.xml -> /home/leo11dk/Desktop/drobot_v3/install/drobot_simulation/share/drobot_simulation
copying launch/sim.launch.py -> /home/leo11dk/Desktop/drobot_v3/install/drobot_simulation/share/drobot_simulation/launch
copying worlds/empty.sdf -> /home/leo11dk/Desktop/drobot_v3/install/drobot_simulation/share/drobot_simulation/worlds
copying config/bridge.yaml -> /home/leo11dk/Desktop/drobot_v3/install/drobot_simulation/share/drobot_simulation/config
running install_egg_info
Copying ../../build/drobot_simulation/drobot_simulation.egg-info to /home/leo11dk/Desktop/drobot_v3/install/drobot_simulation/lib/python3.12/site-packages/drobot_simulation-0.0.0-py3.12.egg-info
running install_scripts
writing list of installed files to '/home/leo11dk/Desktop/drobot_v3/build/drobot_simulation/install.log'
