[1.291s] Invoking command in '/home/leo11dk/Desktop/drobot_v3/build/drobot_simulation': DEBUGINFOD_URLS=https://debuginfod.ubuntu.com PYTHONPATH=/home/leo11dk/Desktop/drobot_v3/build/drobot_simulation/prefix_override:/usr/lib/python3/dist-packages/colcon_core/task/python/colcon_distutils_commands:/home/leo11dk/Desktop/drobot_v3/install/drobot_simulation/lib/python3.12/site-packages:${PYTHONPATH} /usr/bin/python3 -W ignore:setup.py install is deprecated -W ignore:easy_install command is deprecated setup.py develop --uninstall --editable --build-directory /home/leo11dk/Desktop/drobot_v3/build/drobot_simulation/build
[1.623s] running develop
[1.875s] Removing /home/leo11dk/Desktop/drobot_v3/install/drobot_simulation/lib/python3.12/site-packages/drobot-simulation.egg-link (link to .)
[1.907s] Invoked command in '/home/leo11dk/Desktop/drobot_v3/build/drobot_simulation' returned '0': DEBUGINFOD_URLS=https://debuginfod.ubuntu.com PYTHONPATH=/home/leo11dk/Desktop/drobot_v3/build/drobot_simulation/prefix_override:/usr/lib/python3/dist-packages/colcon_core/task/python/colcon_distutils_commands:/home/leo11dk/Desktop/drobot_v3/install/drobot_simulation/lib/python3.12/site-packages:${PYTHONPATH} /usr/bin/python3 -W ignore:setup.py install is deprecated -W ignore:easy_install command is deprecated setup.py develop --uninstall --editable --build-directory /home/leo11dk/Desktop/drobot_v3/build/drobot_simulation/build
[1.908s] Invoking command in '/home/leo11dk/Desktop/drobot_v3/src/drobot_simulation': DEBUGINFOD_URLS=https://debuginfod.ubuntu.com PYTHONPATH=/home/leo11dk/Desktop/drobot_v3/build/drobot_simulation/prefix_override:/usr/lib/python3/dist-packages/colcon_core/task/python/colcon_distutils_commands:/home/leo11dk/Desktop/drobot_v3/install/drobot_simulation/lib/python3.12/site-packages:${PYTHONPATH} /usr/bin/python3 -W ignore:setup.py install is deprecated -W ignore:easy_install command is deprecated setup.py egg_info --egg-base ../../build/drobot_simulation build --build-base /home/leo11dk/Desktop/drobot_v3/build/drobot_simulation/build install --record /home/leo11dk/Desktop/drobot_v3/build/drobot_simulation/install.log --single-version-externally-managed install_data --force
[2.199s] running egg_info
[2.222s] writing ../../build/drobot_simulation/drobot_simulation.egg-info/PKG-INFO
[2.222s] writing dependency_links to ../../build/drobot_simulation/drobot_simulation.egg-info/dependency_links.txt
[2.222s] writing requirements to ../../build/drobot_simulation/drobot_simulation.egg-info/requires.txt
[2.223s] writing top-level names to ../../build/drobot_simulation/drobot_simulation.egg-info/top_level.txt
[2.269s] reading manifest file '../../build/drobot_simulation/drobot_simulation.egg-info/SOURCES.txt'
[2.275s] writing manifest file '../../build/drobot_simulation/drobot_simulation.egg-info/SOURCES.txt'
[2.275s] running build
[2.275s] running build_py
[2.275s] running install
[2.281s] running install_lib
[2.304s] creating /home/leo11dk/Desktop/drobot_v3/install/drobot_simulation/lib/python3.12/site-packages/drobot_simulation
[2.305s] copying /home/leo11dk/Desktop/drobot_v3/build/drobot_simulation/build/lib/drobot_simulation/__init__.py -> /home/leo11dk/Desktop/drobot_v3/install/drobot_simulation/lib/python3.12/site-packages/drobot_simulation
[2.305s] byte-compiling /home/leo11dk/Desktop/drobot_v3/install/drobot_simulation/lib/python3.12/site-packages/drobot_simulation/__init__.py to __init__.cpython-312.pyc
[2.305s] running install_data
[2.305s] copying resource/drobot_simulation -> /home/leo11dk/Desktop/drobot_v3/install/drobot_simulation/share/ament_index/resource_index/packages
[2.306s] copying package.xml -> /home/leo11dk/Desktop/drobot_v3/install/drobot_simulation/share/drobot_simulation
[2.306s] copying launch/sim.launch.py -> /home/leo11dk/Desktop/drobot_v3/install/drobot_simulation/share/drobot_simulation/launch
[2.306s] copying worlds/empty.sdf -> /home/leo11dk/Desktop/drobot_v3/install/drobot_simulation/share/drobot_simulation/worlds
[2.306s] copying config/bridge.yaml -> /home/leo11dk/Desktop/drobot_v3/install/drobot_simulation/share/drobot_simulation/config
[2.306s] running install_egg_info
[2.330s] Copying ../../build/drobot_simulation/drobot_simulation.egg-info to /home/leo11dk/Desktop/drobot_v3/install/drobot_simulation/lib/python3.12/site-packages/drobot_simulation-0.0.0-py3.12.egg-info
[2.370s] running install_scripts
[2.524s] writing list of installed files to '/home/leo11dk/Desktop/drobot_v3/build/drobot_simulation/install.log'
[2.553s] Invoked command in '/home/leo11dk/Desktop/drobot_v3/src/drobot_simulation' returned '0': DEBUGINFOD_URLS=https://debuginfod.ubuntu.com PYTHONPATH=/home/leo11dk/Desktop/drobot_v3/build/drobot_simulation/prefix_override:/usr/lib/python3/dist-packages/colcon_core/task/python/colcon_distutils_commands:/home/leo11dk/Desktop/drobot_v3/install/drobot_simulation/lib/python3.12/site-packages:${PYTHONPATH} /usr/bin/python3 -W ignore:setup.py install is deprecated -W ignore:easy_install command is deprecated setup.py egg_info --egg-base ../../build/drobot_simulation build --build-base /home/leo11dk/Desktop/drobot_v3/build/drobot_simulation/build install --record /home/leo11dk/Desktop/drobot_v3/build/drobot_simulation/install.log --single-version-externally-managed install_data --force
