[0.911s] Invoking command in '/home/leo11dk/Desktop/drobot_v3/build/drobot_simulation': DEBUGINFOD_URLS=https://debuginfod.ubuntu.com PYTHONPATH=/home/leo11dk/Desktop/drobot_v3/build/drobot_simulation/prefix_override:/usr/lib/python3/dist-packages/colcon_core/task/python/colcon_distutils_commands:/home/leo11dk/Desktop/drobot_v3/install/drobot_simulation/lib/python3.12/site-packages:${PYTHONPATH} /usr/bin/python3 -W ignore:setup.py install is deprecated -W ignore:easy_install command is deprecated setup.py develop --editable --build-directory /home/leo11dk/Desktop/drobot_v3/build/drobot_simulation/build --no-deps symlink_data
[1.273s] running develop
[1.522s] running egg_info
[1.523s] creating drobot_simulation.egg-info
[1.547s] writing drobot_simulation.egg-info/PKG-INFO
[1.547s] writing dependency_links to drobot_simulation.egg-info/dependency_links.txt
[1.547s] writing requirements to drobot_simulation.egg-info/requires.txt
[1.547s] writing top-level names to drobot_simulation.egg-info/top_level.txt
[1.547s] writing manifest file 'drobot_simulation.egg-info/SOURCES.txt'
[1.596s] reading manifest file 'drobot_simulation.egg-info/SOURCES.txt'
[1.596s] writing manifest file 'drobot_simulation.egg-info/SOURCES.txt'
[1.622s] running build_ext
[1.622s] Creating /home/leo11dk/Desktop/drobot_v3/install/drobot_simulation/lib/python3.12/site-packages/drobot-simulation.egg-link (link to .)
[1.622s] 
[1.622s] Installed /home/leo11dk/Desktop/drobot_v3/build/drobot_simulation
[1.622s] running symlink_data
[1.622s] creating /home/leo11dk/Desktop/drobot_v3/install/drobot_simulation/share/ament_index
[1.623s] creating /home/leo11dk/Desktop/drobot_v3/install/drobot_simulation/share/ament_index/resource_index
[1.623s] creating /home/leo11dk/Desktop/drobot_v3/install/drobot_simulation/share/ament_index/resource_index/packages
[1.623s] symbolically linking /home/leo11dk/Desktop/drobot_v3/build/drobot_simulation/resource/drobot_simulation -> /home/leo11dk/Desktop/drobot_v3/install/drobot_simulation/share/ament_index/resource_index/packages
[1.623s] symbolically linking /home/leo11dk/Desktop/drobot_v3/build/drobot_simulation/package.xml -> /home/leo11dk/Desktop/drobot_v3/install/drobot_simulation/share/drobot_simulation
[1.657s] Invoked command in '/home/leo11dk/Desktop/drobot_v3/build/drobot_simulation' returned '0': DEBUGINFOD_URLS=https://debuginfod.ubuntu.com PYTHONPATH=/home/leo11dk/Desktop/drobot_v3/build/drobot_simulation/prefix_override:/usr/lib/python3/dist-packages/colcon_core/task/python/colcon_distutils_commands:/home/leo11dk/Desktop/drobot_v3/install/drobot_simulation/lib/python3.12/site-packages:${PYTHONPATH} /usr/bin/python3 -W ignore:setup.py install is deprecated -W ignore:easy_install command is deprecated setup.py develop --editable --build-directory /home/leo11dk/Desktop/drobot_v3/build/drobot_simulation/build --no-deps symlink_data
