[0.111s] DEBUG:colcon:Command line arguments: ['/usr/bin/colcon', 'build', '--symlink-install']
[0.111s] DEBUG:colcon:Parsed command line arguments: Namespace(log_base=None, log_level=None, verb_name='build', build_base='build', install_base='install', merge_install=False, symlink_install=True, test_result_base=None, continue_on_error=False, executor='parallel', parallel_workers=6, event_handlers=None, ignore_user_meta=False, metas=['./colcon.meta'], base_paths=['.'], packages_ignore=None, packages_ignore_regex=None, paths=None, packages_up_to=None, packages_up_to_regex=None, packages_above=None, packages_above_and_dependencies=None, packages_above_depth=None, packages_select_by_dep=None, packages_skip_by_dep=None, packages_skip_up_to=None, packages_select_build_failed=False, packages_skip_build_finished=False, packages_select_test_failures=False, packages_skip_test_passed=False, packages_select=None, packages_skip=None, packages_select_regex=None, packages_skip_regex=None, packages_start=None, packages_end=None, allow_overriding=[], cmake_args=None, cmake_target=None, cmake_target_skip_unavailable=False, cmake_clean_cache=False, cmake_clean_first=False, cmake_force_configure=False, ament_cmake_args=None, catkin_cmake_args=None, catkin_skip_building_tests=False, mixin_files=None, mixin=None, verb_parser=<colcon_mixin.mixin.mixin_argument.MixinArgumentDecorator object at 0x7a2c96f8f5f0>, verb_extension=<colcon_core.verb.build.BuildVerb object at 0x7a2c96f8f200>, main=<bound method BuildVerb.main of <colcon_core.verb.build.BuildVerb object at 0x7a2c96f8f200>>, mixin_verb=('build',))
[0.149s] Level 1:colcon.colcon_core.package_discovery:discover_packages(colcon_meta) check parameters
[0.149s] Level 1:colcon.colcon_core.package_discovery:discover_packages(recursive) check parameters
[0.149s] Level 1:colcon.colcon_core.package_discovery:discover_packages(ignore) check parameters
[0.149s] Level 1:colcon.colcon_core.package_discovery:discover_packages(path) check parameters
[0.149s] Level 1:colcon.colcon_core.package_discovery:discover_packages(colcon_meta) discover
[0.149s] Level 1:colcon.colcon_core.package_discovery:discover_packages(recursive) discover
[0.149s] INFO:colcon.colcon_core.package_discovery:Crawling recursively for packages in '/home/leo11dk/Desktop/drobot_v3'
[0.150s] Level 1:colcon.colcon_core.package_identification:_identify(.) by extensions ['ignore', 'ignore_ament_install']
[0.150s] Level 1:colcon.colcon_core.package_identification:_identify(.) by extension 'ignore'
[0.150s] Level 1:colcon.colcon_core.package_identification:_identify(.) by extension 'ignore_ament_install'
[0.150s] Level 1:colcon.colcon_core.package_identification:_identify(.) by extensions ['colcon_pkg']
[0.150s] Level 1:colcon.colcon_core.package_identification:_identify(.) by extension 'colcon_pkg'
[0.150s] Level 1:colcon.colcon_core.package_identification:_identify(.) by extensions ['colcon_meta']
[0.150s] Level 1:colcon.colcon_core.package_identification:_identify(.) by extension 'colcon_meta'
[0.150s] Level 1:colcon.colcon_core.package_identification:_identify(.) by extensions ['ros']
[0.150s] Level 1:colcon.colcon_core.package_identification:_identify(.) by extension 'ros'
[0.175s] Level 1:colcon.colcon_core.package_identification:_identify(.) by extensions ['cmake', 'python']
[0.175s] Level 1:colcon.colcon_core.package_identification:_identify(.) by extension 'cmake'
[0.176s] Level 1:colcon.colcon_core.package_identification:_identify(.) by extension 'python'
[0.176s] Level 1:colcon.colcon_core.package_identification:_identify(.) by extensions ['python_setup_py']
[0.176s] Level 1:colcon.colcon_core.package_identification:_identify(.) by extension 'python_setup_py'
[0.176s] Level 1:colcon.colcon_core.package_identification:_identify(build) by extensions ['ignore', 'ignore_ament_install']
[0.176s] Level 1:colcon.colcon_core.package_identification:_identify(build) by extension 'ignore'
[0.176s] Level 1:colcon.colcon_core.package_identification:_identify(build) ignored
[0.176s] Level 1:colcon.colcon_core.package_identification:_identify(install) by extensions ['ignore', 'ignore_ament_install']
[0.176s] Level 1:colcon.colcon_core.package_identification:_identify(install) by extension 'ignore'
[0.176s] Level 1:colcon.colcon_core.package_identification:_identify(install) ignored
[0.176s] Level 1:colcon.colcon_core.package_identification:_identify(log) by extensions ['ignore', 'ignore_ament_install']
[0.176s] Level 1:colcon.colcon_core.package_identification:_identify(log) by extension 'ignore'
[0.176s] Level 1:colcon.colcon_core.package_identification:_identify(log) ignored
[0.176s] Level 1:colcon.colcon_core.package_identification:_identify(src) by extensions ['ignore', 'ignore_ament_install']
[0.177s] Level 1:colcon.colcon_core.package_identification:_identify(src) by extension 'ignore'
[0.177s] Level 1:colcon.colcon_core.package_identification:_identify(src) by extension 'ignore_ament_install'
[0.177s] Level 1:colcon.colcon_core.package_identification:_identify(src) by extensions ['colcon_pkg']
[0.177s] Level 1:colcon.colcon_core.package_identification:_identify(src) by extension 'colcon_pkg'
[0.177s] Level 1:colcon.colcon_core.package_identification:_identify(src) by extensions ['colcon_meta']
[0.177s] Level 1:colcon.colcon_core.package_identification:_identify(src) by extension 'colcon_meta'
[0.177s] Level 1:colcon.colcon_core.package_identification:_identify(src) by extensions ['ros']
[0.177s] Level 1:colcon.colcon_core.package_identification:_identify(src) by extension 'ros'
[0.177s] Level 1:colcon.colcon_core.package_identification:_identify(src) by extensions ['cmake', 'python']
[0.177s] Level 1:colcon.colcon_core.package_identification:_identify(src) by extension 'cmake'
[0.177s] Level 1:colcon.colcon_core.package_identification:_identify(src) by extension 'python'
[0.177s] Level 1:colcon.colcon_core.package_identification:_identify(src) by extensions ['python_setup_py']
[0.177s] Level 1:colcon.colcon_core.package_identification:_identify(src) by extension 'python_setup_py'
[0.177s] Level 1:colcon.colcon_core.package_identification:_identify(src/drobot_description) by extensions ['ignore', 'ignore_ament_install']
[0.177s] Level 1:colcon.colcon_core.package_identification:_identify(src/drobot_description) by extension 'ignore'
[0.177s] Level 1:colcon.colcon_core.package_identification:_identify(src/drobot_description) by extension 'ignore_ament_install'
[0.177s] Level 1:colcon.colcon_core.package_identification:_identify(src/drobot_description) by extensions ['colcon_pkg']
[0.177s] Level 1:colcon.colcon_core.package_identification:_identify(src/drobot_description) by extension 'colcon_pkg'
[0.177s] Level 1:colcon.colcon_core.package_identification:_identify(src/drobot_description) by extensions ['colcon_meta']
[0.177s] Level 1:colcon.colcon_core.package_identification:_identify(src/drobot_description) by extension 'colcon_meta'
[0.178s] Level 1:colcon.colcon_core.package_identification:_identify(src/drobot_description) by extensions ['ros']
[0.178s] Level 1:colcon.colcon_core.package_identification:_identify(src/drobot_description) by extension 'ros'
[0.180s] DEBUG:colcon.colcon_core.package_identification:Package 'src/drobot_description' with type 'ros.ament_python' and name 'drobot_description'
[0.180s] Level 1:colcon.colcon_core.package_identification:_identify(src/drobot_simulation) by extensions ['ignore', 'ignore_ament_install']
[0.180s] Level 1:colcon.colcon_core.package_identification:_identify(src/drobot_simulation) by extension 'ignore'
[0.180s] Level 1:colcon.colcon_core.package_identification:_identify(src/drobot_simulation) by extension 'ignore_ament_install'
[0.180s] Level 1:colcon.colcon_core.package_identification:_identify(src/drobot_simulation) by extensions ['colcon_pkg']
[0.180s] Level 1:colcon.colcon_core.package_identification:_identify(src/drobot_simulation) by extension 'colcon_pkg'
[0.180s] Level 1:colcon.colcon_core.package_identification:_identify(src/drobot_simulation) by extensions ['colcon_meta']
[0.180s] Level 1:colcon.colcon_core.package_identification:_identify(src/drobot_simulation) by extension 'colcon_meta'
[0.180s] Level 1:colcon.colcon_core.package_identification:_identify(src/drobot_simulation) by extensions ['ros']
[0.180s] Level 1:colcon.colcon_core.package_identification:_identify(src/drobot_simulation) by extension 'ros'
[0.181s] DEBUG:colcon.colcon_core.package_identification:Package 'src/drobot_simulation' with type 'ros.ament_python' and name 'drobot_simulation'
[0.181s] Level 1:colcon.colcon_core.package_discovery:discover_packages(recursive) using defaults
[0.181s] Level 1:colcon.colcon_core.package_discovery:discover_packages(ignore) discover
[0.181s] Level 1:colcon.colcon_core.package_discovery:discover_packages(ignore) using defaults
[0.181s] Level 1:colcon.colcon_core.package_discovery:discover_packages(path) discover
[0.181s] Level 1:colcon.colcon_core.package_discovery:discover_packages(path) using defaults
[0.198s] Level 1:colcon.colcon_core.package_discovery:discover_packages(prefix_path) check parameters
[0.198s] Level 1:colcon.colcon_core.package_discovery:discover_packages(prefix_path) discover
[0.199s] WARNING:colcon.colcon_ros.prefix_path.ament:The path '/home/leo11dk/Desktop/drobot_v3/install/drobot_description' in the environment variable AMENT_PREFIX_PATH doesn't exist
[0.200s] DEBUG:colcon.colcon_installed_package_information.package_discovery:Found 1 installed packages in /home/leo11dk/Desktop/drobot_v3/install
[0.202s] DEBUG:colcon.colcon_installed_package_information.package_discovery:Found 394 installed packages in /opt/ros/jazzy
[0.203s] Level 1:colcon.colcon_core.package_discovery:discover_packages(prefix_path) using defaults
[0.258s] Level 5:colcon.colcon_core.verb:set package 'drobot_description' build argument 'cmake_args' from command line to 'None'
[0.258s] Level 5:colcon.colcon_core.verb:set package 'drobot_description' build argument 'cmake_target' from command line to 'None'
[0.258s] Level 5:colcon.colcon_core.verb:set package 'drobot_description' build argument 'cmake_target_skip_unavailable' from command line to 'False'
[0.258s] Level 5:colcon.colcon_core.verb:set package 'drobot_description' build argument 'cmake_clean_cache' from command line to 'False'
[0.258s] Level 5:colcon.colcon_core.verb:set package 'drobot_description' build argument 'cmake_clean_first' from command line to 'False'
[0.258s] Level 5:colcon.colcon_core.verb:set package 'drobot_description' build argument 'cmake_force_configure' from command line to 'False'
[0.258s] Level 5:colcon.colcon_core.verb:set package 'drobot_description' build argument 'ament_cmake_args' from command line to 'None'
[0.258s] Level 5:colcon.colcon_core.verb:set package 'drobot_description' build argument 'catkin_cmake_args' from command line to 'None'
[0.258s] Level 5:colcon.colcon_core.verb:set package 'drobot_description' build argument 'catkin_skip_building_tests' from command line to 'False'
[0.258s] DEBUG:colcon.colcon_core.verb:Building package 'drobot_description' with the following arguments: {'ament_cmake_args': None, 'build_base': '/home/leo11dk/Desktop/drobot_v3/build/drobot_description', 'catkin_cmake_args': None, 'catkin_skip_building_tests': False, 'cmake_args': None, 'cmake_clean_cache': False, 'cmake_clean_first': False, 'cmake_force_configure': False, 'cmake_target': None, 'cmake_target_skip_unavailable': False, 'install_base': '/home/leo11dk/Desktop/drobot_v3/install/drobot_description', 'merge_install': False, 'path': '/home/leo11dk/Desktop/drobot_v3/src/drobot_description', 'symlink_install': True, 'test_result_base': None}
[0.258s] Level 5:colcon.colcon_core.verb:set package 'drobot_simulation' build argument 'cmake_args' from command line to 'None'
[0.258s] Level 5:colcon.colcon_core.verb:set package 'drobot_simulation' build argument 'cmake_target' from command line to 'None'
[0.258s] Level 5:colcon.colcon_core.verb:set package 'drobot_simulation' build argument 'cmake_target_skip_unavailable' from command line to 'False'
[0.258s] Level 5:colcon.colcon_core.verb:set package 'drobot_simulation' build argument 'cmake_clean_cache' from command line to 'False'
[0.258s] Level 5:colcon.colcon_core.verb:set package 'drobot_simulation' build argument 'cmake_clean_first' from command line to 'False'
[0.258s] Level 5:colcon.colcon_core.verb:set package 'drobot_simulation' build argument 'cmake_force_configure' from command line to 'False'
[0.258s] Level 5:colcon.colcon_core.verb:set package 'drobot_simulation' build argument 'ament_cmake_args' from command line to 'None'
[0.258s] Level 5:colcon.colcon_core.verb:set package 'drobot_simulation' build argument 'catkin_cmake_args' from command line to 'None'
[0.258s] Level 5:colcon.colcon_core.verb:set package 'drobot_simulation' build argument 'catkin_skip_building_tests' from command line to 'False'
[0.258s] DEBUG:colcon.colcon_core.verb:Building package 'drobot_simulation' with the following arguments: {'ament_cmake_args': None, 'build_base': '/home/leo11dk/Desktop/drobot_v3/build/drobot_simulation', 'catkin_cmake_args': None, 'catkin_skip_building_tests': False, 'cmake_args': None, 'cmake_clean_cache': False, 'cmake_clean_first': False, 'cmake_force_configure': False, 'cmake_target': None, 'cmake_target_skip_unavailable': False, 'install_base': '/home/leo11dk/Desktop/drobot_v3/install/drobot_simulation', 'merge_install': False, 'path': '/home/leo11dk/Desktop/drobot_v3/src/drobot_simulation', 'symlink_install': True, 'test_result_base': None}
[0.259s] INFO:colcon.colcon_core.executor:Executing jobs using 'parallel' executor
[0.259s] DEBUG:colcon.colcon_parallel_executor.executor.parallel:run_until_complete
[0.260s] INFO:colcon.colcon_ros.task.ament_python.build:Building ROS package in '/home/leo11dk/Desktop/drobot_v3/src/drobot_description' with build type 'ament_python'
[0.260s] Level 1:colcon.colcon_core.shell:create_environment_hook('drobot_description', 'ament_prefix_path')
[0.262s] INFO:colcon.colcon_core.plugin_system:Skipping extension 'colcon_core.shell.bat': Not used on non-Windows systems
[0.262s] INFO:colcon.colcon_core.shell:Creating environment hook '/home/leo11dk/Desktop/drobot_v3/install/drobot_description/share/drobot_description/hook/ament_prefix_path.ps1'
[0.262s] INFO:colcon.colcon_core.shell:Creating environment descriptor '/home/leo11dk/Desktop/drobot_v3/install/drobot_description/share/drobot_description/hook/ament_prefix_path.dsv'
[0.263s] INFO:colcon.colcon_core.shell:Creating environment hook '/home/leo11dk/Desktop/drobot_v3/install/drobot_description/share/drobot_description/hook/ament_prefix_path.sh'
[0.263s] INFO:colcon.colcon_core.shell:Skip shell extension 'powershell' for command environment: Not usable outside of PowerShell
[0.263s] DEBUG:colcon.colcon_core.shell:Skip shell extension 'dsv' for command environment
[0.267s] INFO:colcon.colcon_ros.task.ament_python.build:Building ROS package in '/home/leo11dk/Desktop/drobot_v3/src/drobot_simulation' with build type 'ament_python'
[0.267s] Level 1:colcon.colcon_core.shell:create_environment_hook('drobot_simulation', 'ament_prefix_path')
[0.267s] INFO:colcon.colcon_core.shell:Creating environment hook '/home/leo11dk/Desktop/drobot_v3/install/drobot_simulation/share/drobot_simulation/hook/ament_prefix_path.ps1'
[0.269s] INFO:colcon.colcon_core.shell:Creating environment descriptor '/home/leo11dk/Desktop/drobot_v3/install/drobot_simulation/share/drobot_simulation/hook/ament_prefix_path.dsv'
[0.269s] INFO:colcon.colcon_core.shell:Creating environment hook '/home/leo11dk/Desktop/drobot_v3/install/drobot_simulation/share/drobot_simulation/hook/ament_prefix_path.sh'
[0.269s] INFO:colcon.colcon_core.shell:Skip shell extension 'powershell' for command environment: Not usable outside of PowerShell
[0.269s] DEBUG:colcon.colcon_core.shell:Skip shell extension 'dsv' for command environment
[0.513s] INFO:colcon.colcon_core.task.python.build:Building Python package in '/home/leo11dk/Desktop/drobot_v3/src/drobot_description'
[0.514s] INFO:colcon.colcon_core.shell:Skip shell extension 'powershell' for command environment: Not usable outside of PowerShell
[0.514s] DEBUG:colcon.colcon_core.shell:Skip shell extension 'dsv' for command environment
[0.740s] INFO:colcon.colcon_core.task.python.build:Building Python package in '/home/leo11dk/Desktop/drobot_v3/src/drobot_simulation'
[0.740s] INFO:colcon.colcon_core.shell:Skip shell extension 'powershell' for command environment: Not usable outside of PowerShell
[0.741s] DEBUG:colcon.colcon_core.shell:Skip shell extension 'dsv' for command environment
[1.392s] DEBUG:colcon.colcon_core.event_handler.log_command:Invoking command in '/home/leo11dk/Desktop/drobot_v3/build/drobot_simulation': DEBUGINFOD_URLS=https://debuginfod.ubuntu.com PYTHONPATH=/home/leo11dk/Desktop/drobot_v3/build/drobot_simulation/prefix_override:/usr/lib/python3/dist-packages/colcon_core/task/python/colcon_distutils_commands:/home/leo11dk/Desktop/drobot_v3/install/drobot_simulation/lib/python3.12/site-packages:${PYTHONPATH} /usr/bin/python3 -W ignore:setup.py install is deprecated -W ignore:easy_install command is deprecated setup.py develop --editable --build-directory /home/leo11dk/Desktop/drobot_v3/build/drobot_simulation/build --no-deps symlink_data
[1.408s] DEBUG:colcon.colcon_core.event_handler.log_command:Invoking command in '/home/leo11dk/Desktop/drobot_v3/build/drobot_description': DEBUGINFOD_URLS=https://debuginfod.ubuntu.com PYTHONPATH=/home/leo11dk/Desktop/drobot_v3/build/drobot_description/prefix_override:/usr/lib/python3/dist-packages/colcon_core/task/python/colcon_distutils_commands:/home/leo11dk/Desktop/drobot_v3/install/drobot_description/lib/python3.12/site-packages:${PYTHONPATH} /usr/bin/python3 -W ignore:setup.py install is deprecated -W ignore:easy_install command is deprecated setup.py develop --editable --build-directory /home/leo11dk/Desktop/drobot_v3/build/drobot_description/build --no-deps symlink_data
[2.111s] Level 1:colcon.colcon_core.shell:create_environment_hook('drobot_simulation', 'pythonpath_develop')
[2.111s] INFO:colcon.colcon_core.shell:Creating environment hook '/home/leo11dk/Desktop/drobot_v3/build/drobot_simulation/share/drobot_simulation/hook/pythonpath_develop.ps1'
[2.112s] DEBUG:colcon.colcon_core.event_handler.log_command:Invoked command in '/home/leo11dk/Desktop/drobot_v3/build/drobot_simulation' returned '0': DEBUGINFOD_URLS=https://debuginfod.ubuntu.com PYTHONPATH=/home/leo11dk/Desktop/drobot_v3/build/drobot_simulation/prefix_override:/usr/lib/python3/dist-packages/colcon_core/task/python/colcon_distutils_commands:/home/leo11dk/Desktop/drobot_v3/install/drobot_simulation/lib/python3.12/site-packages:${PYTHONPATH} /usr/bin/python3 -W ignore:setup.py install is deprecated -W ignore:easy_install command is deprecated setup.py develop --editable --build-directory /home/leo11dk/Desktop/drobot_v3/build/drobot_simulation/build --no-deps symlink_data
[2.112s] INFO:colcon.colcon_core.shell:Creating environment descriptor '/home/leo11dk/Desktop/drobot_v3/build/drobot_simulation/share/drobot_simulation/hook/pythonpath_develop.dsv'
[2.112s] INFO:colcon.colcon_core.shell:Creating environment hook '/home/leo11dk/Desktop/drobot_v3/build/drobot_simulation/share/drobot_simulation/hook/pythonpath_develop.sh'
[2.115s] Level 1:colcon.colcon_core.environment:checking '/home/leo11dk/Desktop/drobot_v3/install/drobot_simulation' for CMake module files
[2.115s] Level 1:colcon.colcon_core.environment:checking '/home/leo11dk/Desktop/drobot_v3/install/drobot_simulation' for CMake config files
[2.117s] Level 1:colcon.colcon_core.environment:checking '/home/leo11dk/Desktop/drobot_v3/install/drobot_simulation/lib'
[2.117s] Level 1:colcon.colcon_core.environment:checking '/home/leo11dk/Desktop/drobot_v3/install/drobot_simulation/bin'
[2.117s] Level 1:colcon.colcon_core.environment:checking '/home/leo11dk/Desktop/drobot_v3/install/drobot_simulation/lib/pkgconfig/drobot_simulation.pc'
[2.117s] Level 1:colcon.colcon_core.environment:checking '/home/leo11dk/Desktop/drobot_v3/install/drobot_simulation/lib/python3.12/site-packages'
[2.117s] Level 1:colcon.colcon_core.shell:create_environment_hook('drobot_simulation', 'pythonpath')
[2.118s] INFO:colcon.colcon_core.shell:Creating environment hook '/home/leo11dk/Desktop/drobot_v3/install/drobot_simulation/share/drobot_simulation/hook/pythonpath.ps1'
[2.118s] INFO:colcon.colcon_core.shell:Creating environment descriptor '/home/leo11dk/Desktop/drobot_v3/install/drobot_simulation/share/drobot_simulation/hook/pythonpath.dsv'
[2.119s] INFO:colcon.colcon_core.shell:Creating environment hook '/home/leo11dk/Desktop/drobot_v3/install/drobot_simulation/share/drobot_simulation/hook/pythonpath.sh'
[2.119s] Level 1:colcon.colcon_core.environment:checking '/home/leo11dk/Desktop/drobot_v3/install/drobot_simulation/bin'
[2.120s] Level 1:colcon.colcon_core.environment:create_environment_scripts_only(drobot_simulation)
[2.120s] INFO:colcon.colcon_core.shell:Creating package script '/home/leo11dk/Desktop/drobot_v3/install/drobot_simulation/share/drobot_simulation/package.ps1'
[2.121s] INFO:colcon.colcon_core.shell:Creating package descriptor '/home/leo11dk/Desktop/drobot_v3/install/drobot_simulation/share/drobot_simulation/package.dsv'
[2.121s] INFO:colcon.colcon_core.shell:Creating package script '/home/leo11dk/Desktop/drobot_v3/install/drobot_simulation/share/drobot_simulation/package.sh'
[2.122s] INFO:colcon.colcon_core.shell:Creating package script '/home/leo11dk/Desktop/drobot_v3/install/drobot_simulation/share/drobot_simulation/package.bash'
[2.122s] INFO:colcon.colcon_core.shell:Creating package script '/home/leo11dk/Desktop/drobot_v3/install/drobot_simulation/share/drobot_simulation/package.zsh'
[2.123s] Level 1:colcon.colcon_core.environment:create_file_with_runtime_dependencies(/home/leo11dk/Desktop/drobot_v3/install/drobot_simulation/share/colcon-core/packages/drobot_simulation)
[2.152s] Level 1:colcon.colcon_core.shell:create_environment_hook('drobot_description', 'pythonpath_develop')
[2.152s] INFO:colcon.colcon_core.shell:Creating environment hook '/home/leo11dk/Desktop/drobot_v3/build/drobot_description/share/drobot_description/hook/pythonpath_develop.ps1'
[2.152s] DEBUG:colcon.colcon_core.event_handler.log_command:Invoked command in '/home/leo11dk/Desktop/drobot_v3/build/drobot_description' returned '0': DEBUGINFOD_URLS=https://debuginfod.ubuntu.com PYTHONPATH=/home/leo11dk/Desktop/drobot_v3/build/drobot_description/prefix_override:/usr/lib/python3/dist-packages/colcon_core/task/python/colcon_distutils_commands:/home/leo11dk/Desktop/drobot_v3/install/drobot_description/lib/python3.12/site-packages:${PYTHONPATH} /usr/bin/python3 -W ignore:setup.py install is deprecated -W ignore:easy_install command is deprecated setup.py develop --editable --build-directory /home/leo11dk/Desktop/drobot_v3/build/drobot_description/build --no-deps symlink_data
[2.153s] INFO:colcon.colcon_core.shell:Creating environment descriptor '/home/leo11dk/Desktop/drobot_v3/build/drobot_description/share/drobot_description/hook/pythonpath_develop.dsv'
[2.153s] INFO:colcon.colcon_core.shell:Creating environment hook '/home/leo11dk/Desktop/drobot_v3/build/drobot_description/share/drobot_description/hook/pythonpath_develop.sh'
[2.153s] Level 1:colcon.colcon_core.environment:checking '/home/leo11dk/Desktop/drobot_v3/install/drobot_description' for CMake module files
[2.154s] Level 1:colcon.colcon_core.environment:checking '/home/leo11dk/Desktop/drobot_v3/install/drobot_description' for CMake config files
[2.154s] Level 1:colcon.colcon_core.environment:checking '/home/leo11dk/Desktop/drobot_v3/install/drobot_description/lib'
[2.154s] Level 1:colcon.colcon_core.environment:checking '/home/leo11dk/Desktop/drobot_v3/install/drobot_description/bin'
[2.154s] Level 1:colcon.colcon_core.environment:checking '/home/leo11dk/Desktop/drobot_v3/install/drobot_description/lib/pkgconfig/drobot_description.pc'
[2.155s] Level 1:colcon.colcon_core.environment:checking '/home/leo11dk/Desktop/drobot_v3/install/drobot_description/lib/python3.12/site-packages'
[2.155s] Level 1:colcon.colcon_core.shell:create_environment_hook('drobot_description', 'pythonpath')
[2.155s] INFO:colcon.colcon_core.shell:Creating environment hook '/home/leo11dk/Desktop/drobot_v3/install/drobot_description/share/drobot_description/hook/pythonpath.ps1'
[2.155s] INFO:colcon.colcon_core.shell:Creating environment descriptor '/home/leo11dk/Desktop/drobot_v3/install/drobot_description/share/drobot_description/hook/pythonpath.dsv'
[2.155s] INFO:colcon.colcon_core.shell:Creating environment hook '/home/leo11dk/Desktop/drobot_v3/install/drobot_description/share/drobot_description/hook/pythonpath.sh'
[2.156s] Level 1:colcon.colcon_core.environment:checking '/home/leo11dk/Desktop/drobot_v3/install/drobot_description/bin'
[2.156s] Level 1:colcon.colcon_core.environment:create_environment_scripts_only(drobot_description)
[2.156s] INFO:colcon.colcon_core.shell:Creating package script '/home/leo11dk/Desktop/drobot_v3/install/drobot_description/share/drobot_description/package.ps1'
[2.157s] INFO:colcon.colcon_core.shell:Creating package descriptor '/home/leo11dk/Desktop/drobot_v3/install/drobot_description/share/drobot_description/package.dsv'
[2.157s] INFO:colcon.colcon_core.shell:Creating package script '/home/leo11dk/Desktop/drobot_v3/install/drobot_description/share/drobot_description/package.sh'
[2.158s] INFO:colcon.colcon_core.shell:Creating package script '/home/leo11dk/Desktop/drobot_v3/install/drobot_description/share/drobot_description/package.bash'
[2.158s] INFO:colcon.colcon_core.shell:Creating package script '/home/leo11dk/Desktop/drobot_v3/install/drobot_description/share/drobot_description/package.zsh'
[2.158s] Level 1:colcon.colcon_core.environment:create_file_with_runtime_dependencies(/home/leo11dk/Desktop/drobot_v3/install/drobot_description/share/colcon-core/packages/drobot_description)
[2.158s] DEBUG:colcon.colcon_parallel_executor.executor.parallel:closing loop
[2.159s] DEBUG:colcon.colcon_parallel_executor.executor.parallel:loop closed
[2.159s] DEBUG:colcon.colcon_parallel_executor.executor.parallel:run_until_complete finished with '0'
[2.159s] DEBUG:colcon.colcon_core.event_reactor:joining thread
[2.164s] INFO:colcon.colcon_core.plugin_system:Skipping extension 'colcon_notification.desktop_notification.terminal_notifier': Not used on non-Darwin systems
[2.164s] INFO:colcon.colcon_core.plugin_system:Skipping extension 'colcon_notification.desktop_notification.win32': Not used on non-Windows systems
[2.164s] INFO:colcon.colcon_notification.desktop_notification:Sending desktop notification using 'notify2'
[2.176s] DEBUG:colcon.colcon_core.event_reactor:joined thread
[2.176s] INFO:colcon.colcon_core.shell:Creating prefix script '/home/leo11dk/Desktop/drobot_v3/install/local_setup.ps1'
[2.177s] INFO:colcon.colcon_core.shell:Creating prefix util module '/home/leo11dk/Desktop/drobot_v3/install/_local_setup_util_ps1.py'
[2.178s] INFO:colcon.colcon_core.shell:Creating prefix chain script '/home/leo11dk/Desktop/drobot_v3/install/setup.ps1'
[2.179s] INFO:colcon.colcon_core.shell:Creating prefix script '/home/leo11dk/Desktop/drobot_v3/install/local_setup.sh'
[2.179s] INFO:colcon.colcon_core.shell:Creating prefix util module '/home/leo11dk/Desktop/drobot_v3/install/_local_setup_util_sh.py'
[2.180s] INFO:colcon.colcon_core.shell:Creating prefix chain script '/home/leo11dk/Desktop/drobot_v3/install/setup.sh'
[2.181s] INFO:colcon.colcon_core.shell:Creating prefix script '/home/leo11dk/Desktop/drobot_v3/install/local_setup.bash'
[2.181s] INFO:colcon.colcon_core.shell:Creating prefix chain script '/home/leo11dk/Desktop/drobot_v3/install/setup.bash'
[2.182s] INFO:colcon.colcon_core.shell:Creating prefix script '/home/leo11dk/Desktop/drobot_v3/install/local_setup.zsh'
[2.182s] INFO:colcon.colcon_core.shell:Creating prefix chain script '/home/leo11dk/Desktop/drobot_v3/install/setup.zsh'
